C51 COMPILER V9.01   DELAY                                                                 09/25/2013 12:07:04 PAGE 1   


C51 COMPILER V9.01, COMPILATION OF MODULE DELAY
OBJECT MODULE PLACED IN delay.obj
COMPILER INVOKED BY: D:\Keil\C51\BIN\C51.EXE delay\delay.c LARGE BROWSE DEBUG OBJECTEXTEND PRINT(.\delay.lst) OBJECT(del
                    -ay.obj)

line level    source

   1          //晶振为11.0592时的延时程序
   2          #include <reg52.h>
   3          #include <intrins.h>
   4          #include "DELAY.h"
   5          
   6          void delay_10us()                                               //延时10us，无参数
   7          {
   8   1              _nop_(); 
   9   1              _nop_();
  10   1              _nop_();
  11   1              _nop_();
  12   1              _nop_();
  13   1      }
  14          
  15          void delay_1ms(unsigned int t)                  //延时t*1ms
  16          {  
  17   1              unsigned int i; 
  18   1              for(i=0;i<t;i++) 
  19   1              {  
  20   2                      TMOD=0x01;                                              //定时器0，工作在模式1    
  21   2                      TF0=0;                                                  //清溢出标志位，软清零
  22   2                      TH0=0xfc; 
  23   2                      TL0=0x66;  
  24   2                      TR0=1;                                                  //启动定时器0    
  25   2                      while(TF0==0){;}                                //定时器无溢出，循环等待    
  26   2                      TR0=0;                                                  //关闭定时器0    
  27   2              } 
  28   1      }
  29          void delay_10ms(unsigned int t)                 //延时t*10ms
  30          {  
  31   1              unsigned int i; 
  32   1              for(i=0;i<t;i++) 
  33   1              {  
  34   2                      TMOD=0x01;                                              //定时器0，工作在模式1    
  35   2                      TF0=0;                                                  //清溢出标志位，软清零    
  36   2                      TH0=0xdc; 
  37   2                      TL0=0x0;  
  38   2                      TR0=1;                                                  //启动定时器0    
  39   2                      while(TF0==0){;}                                //定时器无溢出，循环等待    
  40   2                      TR0=0;                                                  //关闭定时器0    
  41   2              } 
  42   1      }
  43          void delay_50ms(unsigned int t)             //延时t*50ms
  44          {  
  45   1              unsigned int i; 
  46   1              for(i=0;i<t;i++) 
  47   1              {  
  48   2                      TMOD=0x01;                                              //定时器0，工作在模式1    
  49   2                      TF0=0;                                                  //清溢出标志位，软清零    
  50   2                      TH0=0x4c;
  51   2                      TL0=0x0;  
  52   2                      TR0=1;                                                  //启动定时器0    
  53   2                      while(TF0==0){;}                                //定时器无溢出，循环等待    
  54   2                      TR0=0;                                                  //关闭定时器0    
C51 COMPILER V9.01   DELAY                                                                 09/25/2013 12:07:04 PAGE 2   

  55   2              } 
  56   1      }


MODULE INFORMATION:   STATIC OVERLAYABLE
   CODE SIZE        =    114    ----
   CONSTANT SIZE    =   ----    ----
   XDATA SIZE       =   ----    ----
   PDATA SIZE       =   ----    ----
   DATA SIZE        =   ----    ----
   IDATA SIZE       =   ----    ----
   BIT SIZE         =   ----    ----
END OF MODULE INFORMATION.


C51 COMPILATION COMPLETE.  0 WARNING(S),  0 ERROR(S)
